{
"contracts/Access.sol":{"l":{"15":0,"16":0,"17":0,"18":0,"19":0,"22":0,"23":0,"27":0,"30":0,"33":0},"path":"/home/mx/Muc/ba/dapp/backend/contracts/Access.sol","s":{"1":0,"2":0,"3":0,"4":0,"5":0,"6":0,"7":0,"8":0},"b":{"1":[0,0],"2":[0,0]},"f":{"1":0,"2":0,"3":0,"4":0},"fnMap":{"1":{"name":"access","line":14,"loc":{"start":{"line":14,"column":4},"end":{"line":24,"column":4}}},"2":{"name":"addRole","line":26,"loc":{"start":{"line":26,"column":4},"end":{"line":28,"column":4}}},"3":{"name":"removeRole","line":29,"loc":{"start":{"line":29,"column":4},"end":{"line":31,"column":4}}},"4":{"name":"hasRole","line":32,"loc":{"start":{"line":32,"column":4},"end":{"line":34,"column":4}}}},"statementMap":{"1":{"start":{"line":15,"column":8},"end":{"line":15,"column":28}},"2":{"start":{"line":16,"column":8},"end":{"line":16,"column":868}},"3":{"start":{"line":17,"column":12},"end":{"line":17,"column":932}},"4":{"start":{"line":18,"column":16},"end":{"line":18,"column":29}},"5":{"start":{"line":22,"column":8},"end":{"line":22,"column":43}},"6":{"start":{"line":27,"column":8},"end":{"line":27,"column":41}},"7":{"start":{"line":30,"column":8},"end":{"line":30,"column":44}},"8":{"start":{"line":33,"column":8},"end":{"line":33,"column":43}}},"branchMap":{"1":{"line":17,"type":"if","locations":[{"start":{"line":17,"column":12},"end":{"line":17,"column":12}},{"start":{"line":17,"column":12},"end":{"line":17,"column":12}}]},"2":{"line":22,"type":"if","locations":[{"start":{"line":22,"column":8},"end":{"line":22,"column":8}},{"start":{"line":22,"column":8},"end":{"line":22,"column":8}}]}}},
"contracts/AssetToken.sol":{"l":{"171":0,"174":0,"177":0,"178":0,"179":0,"180":0,"183":0,"184":0,"186":0,"189":0,"198":0,"200":0,"203":0,"207":0,"208":0,"214":0,"215":0,"219":0,"226":0,"227":0,"229":0,"237":0,"238":0,"241":0,"244":0,"251":0,"252":0,"253":0,"254":0,"256":0,"262":0,"264":0,"266":0,"269":0,"275":0,"276":0,"287":0,"291":0,"311":0,"316":0,"323":0,"326":0,"327":0,"331":0,"332":0,"334":0,"335":0,"337":0,"338":0,"341":0,"342":0,"377":0,"378":0,"380":0,"381":0,"384":0,"385":0,"386":0,"389":0,"390":0,"391":0,"392":0,"393":0,"397":0,"398":0,"400":0,"401":0,"403":0,"404":0,"405":0,"407":0,"408":0,"409":0,"411":0,"412":0,"414":0,"419":0,"420":0,"423":0,"426":0,"427":0,"428":0,"431":0,"436":0,"439":0,"440":0,"443":0,"444":0,"445":0,"448":0,"463":0,"464":0,"470":0,"472":0,"473":0,"474":0,"475":0,"482":0,"488":0,"494":0,"495":0,"496":0,"518":0,"519":0,"520":0,"523":0,"524":0,"525":0,"527":0,"532":0,"533":0,"540":0,"541":0,"545":0,"546":0,"554":0,"562":0,"566":0,"570":0,"575":0,"577":0,"578":0,"580":0,"584":0,"585":0,"586":0,"588":0,"590":0,"591":0,"593":0,"597":0,"598":0,"599":0,"602":0,"604":0,"605":0,"607":0,"608":0,"615":0,"622":0,"626":0,"630":0,"635":0,"636":0,"638":0,"639":0,"641":0,"646":0,"647":0,"648":0,"650":0,"655":0,"657":0,"658":0,"659":0,"660":0,"664":0,"665":0,"666":0,"668":0,"670":0,"671":0,"674":0,"675":0,"677":0,"678":0,"688":0,"689":0,"691":0,"693":0,"694":0,"695":0,"698":0,"699":0,"700":0,"705":0,"709":0,"716":0,"717":0,"720":0,"721":0,"723":0,"727":0,"729":0,"730":0,"741":0,"742":0,"747":0,"748":0,"749":0,"750":0,"754":0,"755":0,"758":0,"765":0,"766":0,"768":0,"769":0,"770":0,"772":0},"path":"/home/mx/Muc/ba/dapp/backend/contracts/AssetToken.sol","s":{"1":0,"2":0,"3":0,"4":0,"5":0,"6":0,"7":0,"8":0,"9":0,"10":0,"11":0,"12":0,"13":0,"14":0,"15":0,"16":0,"17":0,"18":0,"19":0,"20":0,"21":0,"22":0,"23":0,"24":0,"25":0,"26":0,"27":0,"28":0,"29":0,"30":0,"31":0,"32":0,"33":0,"34":0,"35":0,"36":0,"37":0,"38":0,"39":0,"40":0,"41":0,"42":0,"43":0,"44":0,"45":0,"46":0,"47":0,"48":0,"49":0,"50":0,"51":0,"52":0,"53":0,"54":0,"55":0,"56":0,"57":0,"58":0,"59":0,"60":0,"61":0,"62":0,"63":0,"64":0,"65":0,"66":0,"67":0,"68":0,"69":0,"70":0,"71":0,"72":0,"73":0,"74":0,"75":0,"76":0,"77":0,"78":0,"79":0,"80":0,"81":0,"82":0,"83":0,"84":0,"85":0,"86":0,"87":0,"88":0,"89":0,"90":0,"91":0,"92":0,"93":0,"94":0,"95":0,"96":0,"97":0,"98":0,"99":0,"100":0,"101":0,"102":0,"103":0,"104":0,"105":0,"106":0,"107":0,"108":0,"109":0,"110":0,"111":0,"112":0,"113":0,"114":0,"115":0,"116":0,"117":0,"118":0,"119":0,"120":0,"121":0,"122":0,"123":0,"124":0,"125":0,"126":0,"127":0,"128":0,"129":0,"130":0,"131":0,"132":0,"133":0,"134":0,"135":0,"136":0,"137":0,"138":0,"139":0,"140":0,"141":0,"142":0,"143":0,"144":0,"145":0,"146":0,"147":0,"148":0,"149":0,"150":0,"151":0,"152":0,"153":0,"154":0,"155":0,"156":0,"157":0,"158":0,"159":0,"160":0,"161":0,"162":0,"163":0,"164":0,"165":0,"166":0,"167":0,"168":0,"169":0,"170":0,"171":0,"172":0,"173":0,"174":0,"175":0,"176":0,"177":0,"178":0,"179":0,"180":0,"181":0,"182":0,"183":0,"184":0,"185":0,"186":0,"187":0,"188":0,"189":0,"190":0,"191":0,"192":0,"193":0,"194":0,"195":0,"196":0,"197":0,"198":0},"b":{"1":[0,0],"2":[0,0],"3":[0,0],"4":[0,0],"5":[0,0],"6":[0,0],"7":[0,0],"8":[0,0],"9":[0,0],"10":[0,0],"11":[0,0],"12":[0,0],"13":[0,0],"14":[0,0],"15":[0,0],"16":[0,0],"17":[0,0],"18":[0,0],"19":[0,0],"20":[0,0],"21":[0,0]},"f":{"1":0,"2":0,"3":0,"4":0,"5":0,"6":0,"7":0,"8":0,"9":0,"10":0,"11":0,"12":0,"13":0,"14":0,"15":0,"16":0,"17":0,"18":0,"19":0,"20":0,"21":0,"22":0,"23":0,"24":0,"25":0,"26":0,"27":0,"28":0,"29":0,"30":0,"31":0,"32":0,"33":0,"34":0,"35":0,"36":0,"37":0,"38":0,"39":0,"40":0,"41":0,"42":0,"43":0,"44":0,"45":0,"46":0,"47":0,"48":0,"49":0,"50":0},"fnMap":{"1":{"name":"merge","line":169,"loc":{"start":{"line":169,"column":4},"end":{"line":190,"column":4}}},"2":{"name":"mergeAccepted","line":197,"loc":{"start":{"line":197,"column":4},"end":{"line":230,"column":4}}},"3":{"name":"mergeRequested","line":236,"loc":{"start":{"line":236,"column":4},"end":{"line":245,"column":4}}},"4":{"name":"acceptMerge","line":250,"loc":{"start":{"line":250,"column":4},"end":{"line":257,"column":4}}},"5":{"name":"_acceptMerge","line":261,"loc":{"start":{"line":261,"column":4},"end":{"line":277,"column":4}}},"6":{"name":"mergeInit","line":283,"loc":{"start":{"line":283,"column":4},"end":{"line":283,"column":54}}},"7":{"name":"timeoutMerge","line":286,"loc":{"start":{"line":286,"column":4},"end":{"line":288,"column":4}}},"8":{"name":"mergeSuccess","line":290,"loc":{"start":{"line":290,"column":4},"end":{"line":292,"column":4}}},"9":{"name":"mergeInit_start","line":296,"loc":{"start":{"line":296,"column":4},"end":{"line":297,"column":4}}},"10":{"name":"mergeInit_stop","line":299,"loc":{"start":{"line":299,"column":4},"end":{"line":300,"column":4}}},"11":{"name":"stop","line":304,"loc":{"start":{"line":304,"column":4},"end":{"line":304,"column":49}}},"12":{"name":"addressSet","line":310,"loc":{"start":{"line":310,"column":4},"end":{"line":312,"column":4}}},"13":{"name":"start_mergeInit","line":315,"loc":{"start":{"line":315,"column":4},"end":{"line":317,"column":4}}},"14":{"name":"reclaimBalanceFromParentToken","line":322,"loc":{"start":{"line":322,"column":4},"end":{"line":345,"column":4}}},"15":{"name":"constructor","line":351,"loc":{"start":{"line":351,"column":4},"end":{"line":372,"column":4}}},"16":{"name":"initialize","line":375,"loc":{"start":{"line":375,"column":4},"end":{"line":415,"column":4}}},"17":{"name":"transfer","line":418,"loc":{"start":{"line":418,"column":4},"end":{"line":432,"column":4}}},"18":{"name":"transferFrom","line":435,"loc":{"start":{"line":435,"column":4},"end":{"line":449,"column":4}}},"19":{"name":"sendEther","line":462,"loc":{"start":{"line":462,"column":4},"end":{"line":465,"column":4}}},"20":{"name":"proposeDividend","line":469,"loc":{"start":{"line":469,"column":4},"end":{"line":476,"column":4}}},"21":{"name":"setDividendApproval","line":481,"loc":{"start":{"line":481,"column":4},"end":{"line":484,"column":4}}},"22":{"name":"setReElection","line":487,"loc":{"start":{"line":487,"column":4},"end":{"line":489,"column":4}}},"23":{"name":"requestDividend","line":493,"loc":{"start":{"line":493,"column":4},"end":{"line":497,"column":4}}},"24":{"name":"start","line":512,"loc":{"start":{"line":512,"column":4},"end":{"line":512,"column":50}}},"25":{"name":"reElectionORTimePassed","line":517,"loc":{"start":{"line":517,"column":4},"end":{"line":528,"column":4}}},"26":{"name":"proposedANDTimePassed","line":531,"loc":{"start":{"line":531,"column":4},"end":{"line":534,"column":4}}},"27":{"name":"start_electionStarted","line":539,"loc":{"start":{"line":539,"column":4},"end":{"line":542,"column":4}}},"28":{"name":"start_dividendProposed","line":544,"loc":{"start":{"line":544,"column":4},"end":{"line":547,"column":4}}},"29":{"name":"electionStarted","line":553,"loc":{"start":{"line":553,"column":4},"end":{"line":555,"column":4}}},"30":{"name":"electionFailed","line":560,"loc":{"start":{"line":560,"column":4},"end":{"line":563,"column":4}}},"31":{"name":"electionCountedANDNotEnougthSupervisor","line":564,"loc":{"start":{"line":564,"column":4},"end":{"line":567,"column":4}}},"32":{"name":"electionCountedANDEnougthSupervisor","line":569,"loc":{"start":{"line":569,"column":4},"end":{"line":571,"column":4}}},"33":{"name":"electionStarted_electionStarted","line":574,"loc":{"start":{"line":574,"column":4},"end":{"line":581,"column":4}}},"34":{"name":"electionStarted_electionStarted1","line":583,"loc":{"start":{"line":583,"column":4},"end":{"line":594,"column":4}}},"35":{"name":"electionStarted_ceoElectionStarted","line":596,"loc":{"start":{"line":596,"column":4},"end":{"line":609,"column":4}}},"36":{"name":"ceoElectionStarted","line":614,"loc":{"start":{"line":614,"column":4},"end":{"line":616,"column":4}}},"37":{"name":"electionFailedANDfailCountnotReached","line":621,"loc":{"start":{"line":621,"column":4},"end":{"line":623,"column":4}}},"38":{"name":"electionFailedANDfailCountCEO","line":625,"loc":{"start":{"line":625,"column":4},"end":{"line":627,"column":4}}},"39":{"name":"electionSuccessCEO","line":629,"loc":{"start":{"line":629,"column":4},"end":{"line":631,"column":4}}},"40":{"name":"ceoElectionStarted_ceoElectionStarted","line":634,"loc":{"start":{"line":634,"column":4},"end":{"line":642,"column":4}}},"41":{"name":"ceoElectionStarted_start_reset","line":644,"loc":{"start":{"line":644,"column":4},"end":{"line":651,"column":4}}},"42":{"name":"ceoElectionStarted_start_success","line":653,"loc":{"start":{"line":653,"column":4},"end":{"line":679,"column":4}}},"43":{"name":"dividendProposed","line":684,"loc":{"start":{"line":684,"column":4},"end":{"line":684,"column":61}}},"44":{"name":"approvalDividendReached","line":687,"loc":{"start":{"line":687,"column":4},"end":{"line":701,"column":4}}},"45":{"name":"approvalDividendNotReachedORTimeout","line":703,"loc":{"start":{"line":703,"column":4},"end":{"line":706,"column":4}}},"46":{"name":"approvalDividend","line":708,"loc":{"start":{"line":708,"column":4},"end":{"line":710,"column":4}}},"47":{"name":"dividendProposed_start_reject","line":714,"loc":{"start":{"line":714,"column":4},"end":{"line":724,"column":4}}},"48":{"name":"dividendProposed_start_success","line":726,"loc":{"start":{"line":726,"column":4},"end":{"line":732,"column":4}}},"49":{"name":"setUpElectionSupervisor","line":739,"loc":{"start":{"line":739,"column":4},"end":{"line":759,"column":4}}},"50":{"name":"setUpElectionCEO","line":762,"loc":{"start":{"line":762,"column":4},"end":{"line":773,"column":4}}}},"statementMap":{"1":{"start":{"line":171,"column":8},"end":{"line":171,"column":35}},"2":{"start":{"line":174,"column":8},"end":{"line":174,"column":69}},"3":{"start":{"line":177,"column":8},"end":{"line":177,"column":29}},"4":{"start":{"line":178,"column":8},"end":{"line":178,"column":33}},"5":{"start":{"line":179,"column":8},"end":{"line":179,"column":59}},"6":{"start":{"line":180,"column":8},"end":{"line":180,"column":65}},"7":{"start":{"line":183,"column":8},"end":{"line":183,"column":37}},"8":{"start":{"line":184,"column":8},"end":{"line":184,"column":39}},"9":{"start":{"line":186,"column":8},"end":{"line":186,"column":179}},"10":{"start":{"line":189,"column":8},"end":{"line":189,"column":51}},"11":{"start":{"line":198,"column":8},"end":{"line":198,"column":75}},"12":{"start":{"line":200,"column":8},"end":{"line":200,"column":87}},"13":{"start":{"line":203,"column":8},"end":{"line":203,"column":238}},"14":{"start":{"line":207,"column":8},"end":{"line":207,"column":69}},"15":{"start":{"line":208,"column":8},"end":{"line":208,"column":100}},"16":{"start":{"line":214,"column":8},"end":{"line":214,"column":80}},"17":{"start":{"line":215,"column":8},"end":{"line":215,"column":203}},"18":{"start":{"line":219,"column":8},"end":{"line":219,"column":63}},"19":{"start":{"line":226,"column":8},"end":{"line":226,"column":27}},"20":{"start":{"line":227,"column":8},"end":{"line":227,"column":54}},"21":{"start":{"line":229,"column":8},"end":{"line":229,"column":30}},"22":{"start":{"line":237,"column":8},"end":{"line":237,"column":70}},"23":{"start":{"line":238,"column":8},"end":{"line":238,"column":32}},"24":{"start":{"line":241,"column":8},"end":{"line":241,"column":220}},"25":{"start":{"line":244,"column":8},"end":{"line":244,"column":42}},"26":{"start":{"line":251,"column":8},"end":{"line":251,"column":10892}},"27":{"start":{"line":252,"column":12},"end":{"line":252,"column":24}},"28":{"start":{"line":253,"column":12},"end":{"line":253,"column":25}},"29":{"start":{"line":254,"column":12},"end":{"line":254,"column":25}},"30":{"start":{"line":256,"column":8},"end":{"line":256,"column":21}},"31":{"start":{"line":262,"column":8},"end":{"line":262,"column":42}},"32":{"start":{"line":264,"column":8},"end":{"line":264,"column":200}},"33":{"start":{"line":266,"column":8},"end":{"line":266,"column":77}},"34":{"start":{"line":269,"column":8},"end":{"line":269,"column":63}},"35":{"start":{"line":275,"column":8},"end":{"line":275,"column":27}},"36":{"start":{"line":276,"column":8},"end":{"line":276,"column":54}},"37":{"start":{"line":287,"column":8},"end":{"line":287,"column":76}},"38":{"start":{"line":291,"column":8},"end":{"line":291,"column":28}},"39":{"start":{"line":311,"column":8},"end":{"line":311,"column":41}},"40":{"start":{"line":316,"column":8},"end":{"line":316,"column":39}},"41":{"start":{"line":323,"column":8},"end":{"line":323,"column":13079}},"42":{"start":{"line":326,"column":12},"end":{"line":326,"column":68}},"43":{"start":{"line":327,"column":12},"end":{"line":327,"column":69}},"44":{"start":{"line":331,"column":12},"end":{"line":331,"column":57}},"45":{"start":{"line":332,"column":12},"end":{"line":332,"column":59}},"46":{"start":{"line":334,"column":12},"end":{"line":334,"column":71}},"47":{"start":{"line":335,"column":12},"end":{"line":335,"column":72}},"48":{"start":{"line":337,"column":12},"end":{"line":337,"column":13689}},"49":{"start":{"line":338,"column":16},"end":{"line":338,"column":78}},"50":{"start":{"line":341,"column":12},"end":{"line":341,"column":13824}},"51":{"start":{"line":342,"column":16},"end":{"line":342,"column":79}},"52":{"start":{"line":377,"column":8},"end":{"line":377,"column":51}},"53":{"start":{"line":378,"column":8},"end":{"line":378,"column":25}},"54":{"start":{"line":380,"column":8},"end":{"line":380,"column":80}},"55":{"start":{"line":381,"column":8},"end":{"line":381,"column":49}},"56":{"start":{"line":384,"column":8},"end":{"line":384,"column":35}},"57":{"start":{"line":385,"column":8},"end":{"line":385,"column":40}},"58":{"start":{"line":386,"column":8},"end":{"line":386,"column":35}},"59":{"start":{"line":389,"column":8},"end":{"line":389,"column":55}},"60":{"start":{"line":390,"column":8},"end":{"line":390,"column":43}},"61":{"start":{"line":391,"column":8},"end":{"line":391,"column":45}},"62":{"start":{"line":392,"column":8},"end":{"line":392,"column":39}},"63":{"start":{"line":393,"column":8},"end":{"line":393,"column":41}},"64":{"start":{"line":397,"column":8},"end":{"line":397,"column":104}},"65":{"start":{"line":398,"column":8},"end":{"line":398,"column":106}},"66":{"start":{"line":400,"column":8},"end":{"line":400,"column":124}},"67":{"start":{"line":401,"column":8},"end":{"line":401,"column":125}},"68":{"start":{"line":403,"column":8},"end":{"line":403,"column":135}},"69":{"start":{"line":404,"column":8},"end":{"line":404,"column":136}},"70":{"start":{"line":405,"column":8},"end":{"line":405,"column":141}},"71":{"start":{"line":407,"column":8},"end":{"line":407,"column":133}},"72":{"start":{"line":408,"column":8},"end":{"line":408,"column":151}},"73":{"start":{"line":409,"column":8},"end":{"line":409,"column":131}},"74":{"start":{"line":411,"column":8},"end":{"line":411,"column":96}},"75":{"start":{"line":412,"column":8},"end":{"line":412,"column":94}},"76":{"start":{"line":414,"column":8},"end":{"line":414,"column":48}},"77":{"start":{"line":419,"column":8},"end":{"line":419,"column":51}},"78":{"start":{"line":420,"column":8},"end":{"line":420,"column":34}},"79":{"start":{"line":423,"column":8},"end":{"line":423,"column":49}},"80":{"start":{"line":426,"column":8},"end":{"line":426,"column":17801}},"81":{"start":{"line":427,"column":12},"end":{"line":427,"column":42}},"82":{"start":{"line":428,"column":12},"end":{"line":428,"column":57}},"83":{"start":{"line":431,"column":8},"end":{"line":431,"column":19}},"84":{"start":{"line":436,"column":8},"end":{"line":436,"column":63}},"85":{"start":{"line":439,"column":8},"end":{"line":439,"column":34}},"86":{"start":{"line":440,"column":8},"end":{"line":440,"column":49}},"87":{"start":{"line":443,"column":8},"end":{"line":443,"column":18348}},"88":{"start":{"line":444,"column":12},"end":{"line":444,"column":38}},"89":{"start":{"line":445,"column":12},"end":{"line":445,"column":53}},"90":{"start":{"line":448,"column":8},"end":{"line":448,"column":19}},"91":{"start":{"line":463,"column":8},"end":{"line":463,"column":64}},"92":{"start":{"line":464,"column":8},"end":{"line":464,"column":37}},"93":{"start":{"line":470,"column":8},"end":{"line":470,"column":54}},"94":{"start":{"line":472,"column":8},"end":{"line":472,"column":47}},"95":{"start":{"line":473,"column":8},"end":{"line":473,"column":30}},"96":{"start":{"line":474,"column":8},"end":{"line":474,"column":41}},"97":{"start":{"line":475,"column":8},"end":{"line":475,"column":22}},"98":{"start":{"line":482,"column":8},"end":{"line":482,"column":19911}},"99":{"start":{"line":482,"column":17},"end":{"line":482,"column":40}},"100":{"start":{"line":483,"column":13},"end":{"line":483,"column":36}},"101":{"start":{"line":488,"column":8},"end":{"line":488,"column":34}},"102":{"start":{"line":494,"column":8},"end":{"line":494,"column":44}},"103":{"start":{"line":495,"column":8},"end":{"line":495,"column":48}},"104":{"start":{"line":496,"column":8},"end":{"line":496,"column":31}},"105":{"start":{"line":518,"column":8},"end":{"line":518,"column":21}},"106":{"start":{"line":519,"column":8},"end":{"line":519,"column":21672}},"107":{"start":{"line":520,"column":12},"end":{"line":520,"column":50}},"108":{"start":{"line":523,"column":8},"end":{"line":523,"column":55}},"109":{"start":{"line":524,"column":8},"end":{"line":524,"column":85}},"110":{"start":{"line":525,"column":8},"end":{"line":525,"column":37}},"111":{"start":{"line":527,"column":8},"end":{"line":527,"column":64}},"112":{"start":{"line":532,"column":8},"end":{"line":532,"column":86}},"113":{"start":{"line":533,"column":8},"end":{"line":533,"column":54}},"114":{"start":{"line":540,"column":12},"end":{"line":540,"column":47}},"115":{"start":{"line":541,"column":12},"end":{"line":541,"column":41}},"116":{"start":{"line":546,"column":8},"end":{"line":546,"column":44}},"117":{"start":{"line":554,"column":8},"end":{"line":554,"column":22}},"118":{"start":{"line":562,"column":8},"end":{"line":562,"column":30}},"119":{"start":{"line":566,"column":8},"end":{"line":566,"column":84}},"120":{"start":{"line":570,"column":8},"end":{"line":570,"column":85}},"121":{"start":{"line":575,"column":8},"end":{"line":575,"column":43}},"122":{"start":{"line":577,"column":8},"end":{"line":577,"column":24362}},"123":{"start":{"line":578,"column":12},"end":{"line":578,"column":75}},"124":{"start":{"line":580,"column":8},"end":{"line":580,"column":37}},"125":{"start":{"line":584,"column":8},"end":{"line":584,"column":53}},"126":{"start":{"line":585,"column":8},"end":{"line":585,"column":75}},"127":{"start":{"line":586,"column":8},"end":{"line":586,"column":38}},"128":{"start":{"line":588,"column":8},"end":{"line":588,"column":43}},"129":{"start":{"line":590,"column":8},"end":{"line":590,"column":24936}},"130":{"start":{"line":591,"column":12},"end":{"line":591,"column":75}},"131":{"start":{"line":593,"column":8},"end":{"line":593,"column":37}},"132":{"start":{"line":597,"column":8},"end":{"line":597,"column":53}},"133":{"start":{"line":598,"column":8},"end":{"line":598,"column":75}},"134":{"start":{"line":599,"column":8},"end":{"line":599,"column":38}},"135":{"start":{"line":602,"column":8},"end":{"line":602,"column":36}},"136":{"start":{"line":604,"column":8},"end":{"line":604,"column":25534}},"137":{"start":{"line":605,"column":12},"end":{"line":605,"column":72}},"138":{"start":{"line":607,"column":8},"end":{"line":607,"column":39}},"139":{"start":{"line":608,"column":8},"end":{"line":608,"column":37}},"140":{"start":{"line":615,"column":8},"end":{"line":615,"column":22}},"141":{"start":{"line":622,"column":8},"end":{"line":622,"column":68}},"142":{"start":{"line":626,"column":8},"end":{"line":626,"column":69}},"143":{"start":{"line":630,"column":8},"end":{"line":630,"column":33}},"144":{"start":{"line":636,"column":8},"end":{"line":636,"column":36}},"145":{"start":{"line":638,"column":8},"end":{"line":638,"column":26697}},"146":{"start":{"line":639,"column":12},"end":{"line":639,"column":75}},"147":{"start":{"line":641,"column":8},"end":{"line":641,"column":37}},"148":{"start":{"line":647,"column":8},"end":{"line":647,"column":27069}},"149":{"start":{"line":648,"column":12},"end":{"line":648,"column":45}},"150":{"start":{"line":650,"column":8},"end":{"line":650,"column":21}},"151":{"start":{"line":655,"column":8},"end":{"line":655,"column":53}},"152":{"start":{"line":657,"column":8},"end":{"line":657,"column":71}},"153":{"start":{"line":658,"column":8},"end":{"line":658,"column":38}},"154":{"start":{"line":659,"column":8},"end":{"line":659,"column":45}},"155":{"start":{"line":660,"column":8},"end":{"line":660,"column":26}},"156":{"start":{"line":664,"column":8},"end":{"line":664,"column":27609}},"157":{"start":{"line":665,"column":12},"end":{"line":665,"column":60}},"158":{"start":{"line":666,"column":12},"end":{"line":666,"column":45}},"159":{"start":{"line":670,"column":8},"end":{"line":670,"column":27812}},"160":{"start":{"line":671,"column":12},"end":{"line":671,"column":60}},"161":{"start":{"line":674,"column":8},"end":{"line":674,"column":35}},"162":{"start":{"line":677,"column":8},"end":{"line":677,"column":37}},"163":{"start":{"line":678,"column":8},"end":{"line":678,"column":21}},"164":{"start":{"line":688,"column":8},"end":{"line":688,"column":29}},"165":{"start":{"line":689,"column":8},"end":{"line":689,"column":30}},"166":{"start":{"line":691,"column":8},"end":{"line":691,"column":28442}},"167":{"start":{"line":693,"column":12},"end":{"line":693,"column":54}},"168":{"start":{"line":694,"column":12},"end":{"line":694,"column":45}},"169":{"start":{"line":695,"column":12},"end":{"line":695,"column":46}},"170":{"start":{"line":698,"column":8},"end":{"line":698,"column":57}},"171":{"start":{"line":698,"column":49},"end":{"line":698,"column":57}},"172":{"start":{"line":699,"column":8},"end":{"line":699,"column":58}},"173":{"start":{"line":699,"column":50},"end":{"line":699,"column":58}},"174":{"start":{"line":700,"column":8},"end":{"line":700,"column":16}},"175":{"start":{"line":705,"column":8},"end":{"line":705,"column":115}},"176":{"start":{"line":709,"column":8},"end":{"line":709,"column":45}},"177":{"start":{"line":716,"column":8},"end":{"line":716,"column":29275}},"178":{"start":{"line":717,"column":12},"end":{"line":717,"column":39}},"179":{"start":{"line":720,"column":8},"end":{"line":720,"column":54}},"180":{"start":{"line":721,"column":8},"end":{"line":721,"column":30}},"181":{"start":{"line":727,"column":8},"end":{"line":727,"column":41}},"182":{"start":{"line":729,"column":8},"end":{"line":729,"column":29650}},"183":{"start":{"line":730,"column":12},"end":{"line":730,"column":90}},"184":{"start":{"line":741,"column":8},"end":{"line":741,"column":83}},"185":{"start":{"line":742,"column":8},"end":{"line":742,"column":152}},"186":{"start":{"line":747,"column":8},"end":{"line":747,"column":38}},"187":{"start":{"line":748,"column":8},"end":{"line":748,"column":30813}},"188":{"start":{"line":749,"column":12},"end":{"line":749,"column":45}},"189":{"start":{"line":750,"column":12},"end":{"line":750,"column":56}},"190":{"start":{"line":754,"column":8},"end":{"line":754,"column":31018}},"191":{"start":{"line":755,"column":12},"end":{"line":755,"column":52}},"192":{"start":{"line":758,"column":8},"end":{"line":758,"column":23}},"193":{"start":{"line":765,"column":8},"end":{"line":765,"column":83}},"194":{"start":{"line":766,"column":8},"end":{"line":766,"column":144}},"195":{"start":{"line":768,"column":8},"end":{"line":768,"column":31668}},"196":{"start":{"line":769,"column":12},"end":{"line":769,"column":44}},"197":{"start":{"line":770,"column":12},"end":{"line":770,"column":42}},"198":{"start":{"line":772,"column":8},"end":{"line":772,"column":23}}},"branchMap":{"1":{"line":198,"type":"if","locations":[{"start":{"line":198,"column":8},"end":{"line":198,"column":8}},{"start":{"line":198,"column":8},"end":{"line":198,"column":8}}]},"2":{"line":200,"type":"if","locations":[{"start":{"line":200,"column":8},"end":{"line":200,"column":8}},{"start":{"line":200,"column":8},"end":{"line":200,"column":8}}]},"3":{"line":203,"type":"if","locations":[{"start":{"line":203,"column":8},"end":{"line":203,"column":8}},{"start":{"line":203,"column":8},"end":{"line":203,"column":8}}]},"4":{"line":237,"type":"if","locations":[{"start":{"line":237,"column":8},"end":{"line":237,"column":8}},{"start":{"line":237,"column":8},"end":{"line":237,"column":8}}]},"5":{"line":251,"type":"if","locations":[{"start":{"line":251,"column":8},"end":{"line":251,"column":8}},{"start":{"line":251,"column":8},"end":{"line":251,"column":8}}]},"6":{"line":262,"type":"if","locations":[{"start":{"line":262,"column":8},"end":{"line":262,"column":8}},{"start":{"line":262,"column":8},"end":{"line":262,"column":8}}]},"7":{"line":323,"type":"if","locations":[{"start":{"line":323,"column":8},"end":{"line":323,"column":8}},{"start":{"line":323,"column":8},"end":{"line":323,"column":8}}]},"8":{"line":337,"type":"if","locations":[{"start":{"line":337,"column":12},"end":{"line":337,"column":12}},{"start":{"line":337,"column":12},"end":{"line":337,"column":12}}]},"9":{"line":341,"type":"if","locations":[{"start":{"line":341,"column":12},"end":{"line":341,"column":12}},{"start":{"line":341,"column":12},"end":{"line":341,"column":12}}]},"10":{"line":377,"type":"if","locations":[{"start":{"line":377,"column":8},"end":{"line":377,"column":8}},{"start":{"line":377,"column":8},"end":{"line":377,"column":8}}]},"11":{"line":380,"type":"if","locations":[{"start":{"line":380,"column":8},"end":{"line":380,"column":8}},{"start":{"line":380,"column":8},"end":{"line":380,"column":8}}]},"12":{"line":426,"type":"if","locations":[{"start":{"line":426,"column":8},"end":{"line":426,"column":8}},{"start":{"line":426,"column":8},"end":{"line":426,"column":8}}]},"13":{"line":443,"type":"if","locations":[{"start":{"line":443,"column":8},"end":{"line":443,"column":8}},{"start":{"line":443,"column":8},"end":{"line":443,"column":8}}]},"14":{"line":463,"type":"if","locations":[{"start":{"line":463,"column":8},"end":{"line":463,"column":8}},{"start":{"line":463,"column":8},"end":{"line":463,"column":8}}]},"15":{"line":472,"type":"if","locations":[{"start":{"line":472,"column":8},"end":{"line":472,"column":8}},{"start":{"line":472,"column":8},"end":{"line":472,"column":8}}]},"16":{"line":482,"type":"if","locations":[{"start":{"line":482,"column":8},"end":{"line":482,"column":8}},{"start":{"line":482,"column":8},"end":{"line":482,"column":8}}]},"17":{"line":520,"type":"if","locations":[{"start":{"line":520,"column":12},"end":{"line":520,"column":12}},{"start":{"line":520,"column":12},"end":{"line":520,"column":12}}]},"18":{"line":694,"type":"if","locations":[{"start":{"line":694,"column":12},"end":{"line":694,"column":12}},{"start":{"line":694,"column":12},"end":{"line":694,"column":12}}]},"19":{"line":695,"type":"if","locations":[{"start":{"line":695,"column":12},"end":{"line":695,"column":12}},{"start":{"line":695,"column":12},"end":{"line":695,"column":12}}]},"20":{"line":698,"type":"if","locations":[{"start":{"line":698,"column":8},"end":{"line":698,"column":8}},{"start":{"line":698,"column":8},"end":{"line":698,"column":8}}]},"21":{"line":699,"type":"if","locations":[{"start":{"line":699,"column":8},"end":{"line":699,"column":8}},{"start":{"line":699,"column":8},"end":{"line":699,"column":8}}]}}},
"contracts/AssetTokenFactory.sol":{"l":{},"path":"/home/mx/Muc/ba/dapp/backend/contracts/AssetTokenFactory.sol","s":{},"b":{},"f":{},"fnMap":{},"statementMap":{},"branchMap":{}},
"contracts/CloneFactory.sol":{"l":{"32":0,"33":0,"43":0,"44":0},"path":"/home/mx/Muc/ba/dapp/backend/contracts/CloneFactory.sol","s":{"1":0,"2":0},"b":{},"f":{"1":0,"2":0},"fnMap":{"1":{"name":"createClone","line":31,"loc":{"start":{"line":31,"column":2},"end":{"line":40,"column":2}}},"2":{"name":"isClone","line":42,"loc":{"start":{"line":42,"column":2},"end":{"line":57,"column":2}}}},"statementMap":{"1":{"start":{"line":32,"column":4},"end":{"line":32,"column":41}},"2":{"start":{"line":43,"column":4},"end":{"line":43,"column":41}}},"branchMap":{}},
"contracts/Election.sol":{"l":{"48":0,"49":0,"50":0,"51":0,"52":0,"54":0,"55":0,"57":0,"62":0,"64":0,"65":0,"67":0,"68":0,"71":0,"72":0,"80":0,"85":0,"91":0,"92":0,"97":0,"102":0,"106":0,"112":0,"113":0,"115":0,"116":0,"117":0,"124":0,"125":0,"126":0,"127":0,"131":0,"132":0,"133":0,"138":0,"148":0,"153":0,"162":0,"166":0,"173":0,"182":0,"186":0,"193":0,"206":0,"211":0,"213":0,"215":0,"216":0,"218":0,"219":0,"220":0,"221":0,"222":0,"224":0,"225":0},"path":"/home/mx/Muc/ba/dapp/backend/contracts/Election.sol","s":{"1":0,"2":0,"3":0,"4":0,"5":0,"6":0,"7":0,"8":0,"9":0,"10":0,"11":0,"12":0,"13":0,"14":0,"15":0,"16":0,"17":0,"18":0,"19":0,"20":0,"21":0,"22":0,"23":0,"24":0,"25":0,"26":0,"27":0,"28":0,"29":0,"30":0,"31":0,"32":0,"33":0,"34":0,"35":0,"36":0,"37":0,"38":0,"39":0,"40":0,"41":0,"42":0,"43":0,"44":0,"45":0,"46":0,"47":0,"48":0,"49":0,"50":0,"51":0,"52":0,"53":0,"54":0,"55":0,"56":0,"57":0},"b":{"1":[0,0],"2":[0,0],"3":[0,0],"4":[0,0],"5":[0,0],"6":[0,0],"7":[0,0],"8":[0,0],"9":[0,0],"10":[0,0]},"f":{"1":0,"2":0,"3":0,"4":0,"5":0,"6":0,"7":0,"8":0,"9":0,"10":0,"11":0,"12":0,"13":0,"14":0,"15":0,"16":0,"17":0,"18":0,"19":0,"20":0,"21":0,"22":0,"23":0,"24":0,"25":0,"26":0,"27":0,"28":0},"fnMap":{"1":{"name":"constructor","line":47,"loc":{"start":{"line":47,"column":4},"end":{"line":74,"column":4}}},"2":{"name":"fail","line":79,"loc":{"start":{"line":79,"column":4},"end":{"line":82,"column":4}}},"3":{"name":"success","line":84,"loc":{"start":{"line":84,"column":4},"end":{"line":87,"column":4}}},"4":{"name":"registerVoter","line":90,"loc":{"start":{"line":90,"column":4},"end":{"line":93,"column":4}}},"5":{"name":"registerProposer","line":96,"loc":{"start":{"line":96,"column":4},"end":{"line":98,"column":4}}},"6":{"name":"excludeFromPropose","line":101,"loc":{"start":{"line":101,"column":4},"end":{"line":103,"column":4}}},"7":{"name":"finishRegisterPhase","line":105,"loc":{"start":{"line":105,"column":4},"end":{"line":107,"column":4}}},"8":{"name":"proposeCandidate","line":110,"loc":{"start":{"line":110,"column":4},"end":{"line":120,"column":4}}},"9":{"name":"voteCandidate","line":123,"loc":{"start":{"line":123,"column":4},"end":{"line":128,"column":4}}},"10":{"name":"getCandidate","line":130,"loc":{"start":{"line":130,"column":4},"end":{"line":134,"column":4}}},"11":{"name":"getMaxVotesIndices","line":137,"loc":{"start":{"line":137,"column":4},"end":{"line":139,"column":4}}},"12":{"name":"register","line":144,"loc":{"start":{"line":144,"column":4},"end":{"line":144,"column":53}}},"13":{"name":"finishedRegisterPhase","line":147,"loc":{"start":{"line":147,"column":4},"end":{"line":149,"column":4}}},"14":{"name":"register_propose","line":152,"loc":{"start":{"line":152,"column":4},"end":{"line":154,"column":4}}},"15":{"name":"propose","line":158,"loc":{"start":{"line":158,"column":4},"end":{"line":158,"column":52}}},"16":{"name":"notEnougthProposalsANDTimeout","line":161,"loc":{"start":{"line":161,"column":4},"end":{"line":163,"column":4}}},"17":{"name":"enougthProposalsANDTimeout","line":165,"loc":{"start":{"line":165,"column":4},"end":{"line":167,"column":4}}},"18":{"name":"propose_failed","line":170,"loc":{"start":{"line":170,"column":4},"end":{"line":170,"column":80}}},"19":{"name":"propose_vote","line":172,"loc":{"start":{"line":172,"column":4},"end":{"line":174,"column":4}}},"20":{"name":"vote","line":178,"loc":{"start":{"line":178,"column":4},"end":{"line":178,"column":49}}},"21":{"name":"notVotedANDTimeout","line":181,"loc":{"start":{"line":181,"column":4},"end":{"line":183,"column":4}}},"22":{"name":"votedANDTimeout","line":185,"loc":{"start":{"line":185,"column":4},"end":{"line":187,"column":4}}},"23":{"name":"vote_failed","line":190,"loc":{"start":{"line":190,"column":4},"end":{"line":190,"column":66}}},"24":{"name":"vote_counted","line":192,"loc":{"start":{"line":192,"column":4},"end":{"line":194,"column":4}}},"25":{"name":"counted","line":198,"loc":{"start":{"line":198,"column":4},"end":{"line":198,"column":52}}},"26":{"name":"failed","line":201,"loc":{"start":{"line":201,"column":4},"end":{"line":201,"column":51}}},"27":{"name":"next","line":205,"loc":{"start":{"line":205,"column":4},"end":{"line":207,"column":4}}},"28":{"name":"makeMaxVotesIndices","line":210,"loc":{"start":{"line":210,"column":4},"end":{"line":242,"column":4}}}},"statementMap":{"1":{"start":{"line":48,"column":8},"end":{"line":48,"column":35}},"2":{"start":{"line":49,"column":8},"end":{"line":49,"column":37}},"3":{"start":{"line":50,"column":8},"end":{"line":50,"column":41}},"4":{"start":{"line":51,"column":8},"end":{"line":51,"column":43}},"5":{"start":{"line":52,"column":8},"end":{"line":52,"column":35}},"6":{"start":{"line":54,"column":8},"end":{"line":54,"column":1413}},"7":{"start":{"line":55,"column":12},"end":{"line":55,"column":58}},"8":{"start":{"line":57,"column":13},"end":{"line":57,"column":63}},"9":{"start":{"line":62,"column":8},"end":{"line":62,"column":97}},"10":{"start":{"line":64,"column":8},"end":{"line":64,"column":92}},"11":{"start":{"line":65,"column":8},"end":{"line":65,"column":88}},"12":{"start":{"line":67,"column":8},"end":{"line":67,"column":83}},"13":{"start":{"line":68,"column":8},"end":{"line":68,"column":85}},"14":{"start":{"line":71,"column":8},"end":{"line":71,"column":54}},"15":{"start":{"line":72,"column":8},"end":{"line":72,"column":51}},"16":{"start":{"line":80,"column":8},"end":{"line":80,"column":2369}},"17":{"start":{"line":80,"column":54},"end":{"line":80,"column":65}},"18":{"start":{"line":81,"column":13},"end":{"line":81,"column":25}},"19":{"start":{"line":85,"column":8},"end":{"line":85,"column":2532}},"20":{"start":{"line":85,"column":55},"end":{"line":85,"column":66}},"21":{"start":{"line":86,"column":13},"end":{"line":86,"column":25}},"22":{"start":{"line":91,"column":8},"end":{"line":91,"column":57}},"23":{"start":{"line":92,"column":8},"end":{"line":92,"column":47}},"24":{"start":{"line":97,"column":8},"end":{"line":97,"column":63}},"25":{"start":{"line":102,"column":8},"end":{"line":102,"column":33}},"26":{"start":{"line":106,"column":8},"end":{"line":106,"column":30}},"27":{"start":{"line":112,"column":8},"end":{"line":112,"column":78}},"28":{"start":{"line":115,"column":8},"end":{"line":115,"column":44}},"29":{"start":{"line":116,"column":8},"end":{"line":116,"column":41}},"30":{"start":{"line":117,"column":8},"end":{"line":117,"column":47}},"31":{"start":{"line":124,"column":8},"end":{"line":124,"column":19}},"32":{"start":{"line":125,"column":8},"end":{"line":125,"column":58}},"33":{"start":{"line":126,"column":8},"end":{"line":126,"column":38}},"34":{"start":{"line":127,"column":8},"end":{"line":127,"column":67}},"35":{"start":{"line":131,"column":8},"end":{"line":131,"column":49}},"36":{"start":{"line":132,"column":8},"end":{"line":132,"column":34}},"37":{"start":{"line":133,"column":8},"end":{"line":133,"column":28}},"38":{"start":{"line":138,"column":8},"end":{"line":138,"column":30}},"39":{"start":{"line":148,"column":8},"end":{"line":148,"column":31}},"40":{"start":{"line":153,"column":8},"end":{"line":153,"column":41}},"41":{"start":{"line":162,"column":8},"end":{"line":162,"column":105}},"42":{"start":{"line":166,"column":8},"end":{"line":166,"column":106}},"43":{"start":{"line":173,"column":8},"end":{"line":173,"column":40}},"44":{"start":{"line":182,"column":8},"end":{"line":182,"column":74}},"45":{"start":{"line":186,"column":8},"end":{"line":186,"column":73}},"46":{"start":{"line":193,"column":8},"end":{"line":193,"column":41}},"47":{"start":{"line":206,"column":8},"end":{"line":206,"column":26}},"48":{"start":{"line":211,"column":8},"end":{"line":211,"column":53}},"49":{"start":{"line":211,"column":33},"end":{"line":211,"column":52}},"50":{"start":{"line":213,"column":8},"end":{"line":213,"column":38}},"51":{"start":{"line":215,"column":8},"end":{"line":215,"column":6820}},"52":{"start":{"line":216,"column":12},"end":{"line":216,"column":6889}},"53":{"start":{"line":218,"column":16},"end":{"line":218,"column":6955}},"54":{"start":{"line":219,"column":20},"end":{"line":219,"column":32}},"55":{"start":{"line":220,"column":20},"end":{"line":220,"column":7075}},"56":{"start":{"line":221,"column":24},"end":{"line":221,"column":64}},"57":{"start":{"line":224,"column":20},"end":{"line":224,"column":41}}},"branchMap":{"1":{"line":48,"type":"if","locations":[{"start":{"line":48,"column":8},"end":{"line":48,"column":8}},{"start":{"line":48,"column":8},"end":{"line":48,"column":8}}]},"2":{"line":54,"type":"if","locations":[{"start":{"line":54,"column":8},"end":{"line":54,"column":8}},{"start":{"line":54,"column":8},"end":{"line":54,"column":8}}]},"3":{"line":80,"type":"if","locations":[{"start":{"line":80,"column":8},"end":{"line":80,"column":8}},{"start":{"line":80,"column":8},"end":{"line":80,"column":8}}]},"4":{"line":85,"type":"if","locations":[{"start":{"line":85,"column":8},"end":{"line":85,"column":8}},{"start":{"line":85,"column":8},"end":{"line":85,"column":8}}]},"5":{"line":112,"type":"if","locations":[{"start":{"line":112,"column":8},"end":{"line":112,"column":8}},{"start":{"line":112,"column":8},"end":{"line":112,"column":8}}]},"6":{"line":115,"type":"if","locations":[{"start":{"line":115,"column":8},"end":{"line":115,"column":8}},{"start":{"line":115,"column":8},"end":{"line":115,"column":8}}]},"7":{"line":125,"type":"if","locations":[{"start":{"line":125,"column":8},"end":{"line":125,"column":8}},{"start":{"line":125,"column":8},"end":{"line":125,"column":8}}]},"8":{"line":132,"type":"if","locations":[{"start":{"line":132,"column":8},"end":{"line":132,"column":8}},{"start":{"line":132,"column":8},"end":{"line":132,"column":8}}]},"9":{"line":211,"type":"if","locations":[{"start":{"line":211,"column":8},"end":{"line":211,"column":8}},{"start":{"line":211,"column":8},"end":{"line":211,"column":8}}]},"10":{"line":218,"type":"if","locations":[{"start":{"line":218,"column":16},"end":{"line":218,"column":16}},{"start":{"line":218,"column":16},"end":{"line":218,"column":16}}]}}},
"contracts/ElectionFactory.sol":{"l":{"10":0,"11":0,"12":0},"path":"/home/mx/Muc/ba/dapp/backend/contracts/ElectionFactory.sol","s":{"1":0,"2":0,"3":0},"b":{},"f":{"1":0},"fnMap":{"1":{"name":"createElection","line":9,"loc":{"start":{"line":9,"column":4},"end":{"line":13,"column":4}}}},"statementMap":{"1":{"start":{"line":10,"column":8},"end":{"line":10,"column":109}},"2":{"start":{"line":11,"column":8},"end":{"line":11,"column":32}},"3":{"start":{"line":12,"column":8},"end":{"line":12,"column":18}}},"branchMap":{}},
"contracts/ERC20share.sol":{"l":{"14":0,"15":0,"20":0,"22":0,"23":0,"24":0,"26":0,"30":0,"32":0,"33":0,"34":0,"36":0},"path":"/home/mx/Muc/ba/dapp/backend/contracts/ERC20share.sol","s":{"1":0,"2":0,"3":0,"4":0,"5":0,"6":0,"7":0,"8":0,"9":0,"10":0,"11":0,"12":0},"b":{"1":[0,0],"2":[0,0]},"f":{"1":0,"2":0,"3":0},"fnMap":{"1":{"name":"constructor","line":13,"loc":{"start":{"line":13,"column":4},"end":{"line":16,"column":4}}},"2":{"name":"transfer","line":18,"loc":{"start":{"line":18,"column":4},"end":{"line":27,"column":4}}},"3":{"name":"transferFrom","line":29,"loc":{"start":{"line":29,"column":4},"end":{"line":37,"column":4}}}},"statementMap":{"1":{"start":{"line":14,"column":8},"end":{"line":14,"column":39}},"2":{"start":{"line":15,"column":8},"end":{"line":15,"column":35}},"3":{"start":{"line":20,"column":8},"end":{"line":20,"column":40}},"4":{"start":{"line":22,"column":8},"end":{"line":22,"column":34}},"5":{"start":{"line":23,"column":8},"end":{"line":23,"column":794}},"6":{"start":{"line":24,"column":12},"end":{"line":24,"column":42}},"7":{"start":{"line":26,"column":8},"end":{"line":26,"column":19}},"8":{"start":{"line":30,"column":8},"end":{"line":30,"column":52}},"9":{"start":{"line":32,"column":8},"end":{"line":32,"column":34}},"10":{"start":{"line":33,"column":8},"end":{"line":33,"column":1120}},"11":{"start":{"line":34,"column":12},"end":{"line":34,"column":38}},"12":{"start":{"line":36,"column":8},"end":{"line":36,"column":19}}},"branchMap":{"1":{"line":23,"type":"if","locations":[{"start":{"line":23,"column":8},"end":{"line":23,"column":8}},{"start":{"line":23,"column":8},"end":{"line":23,"column":8}}]},"2":{"line":33,"type":"if","locations":[{"start":{"line":33,"column":8},"end":{"line":33,"column":8}},{"start":{"line":33,"column":8},"end":{"line":33,"column":8}}]}}},
"contracts/ICO.sol":{"l":{"23":0,"24":0,"26":0,"28":0,"29":0,"30":0,"32":0,"33":0,"34":0,"35":0,"37":0,"42":0,"43":0,"45":0,"46":0,"47":0,"48":0,"50":0,"51":0,"53":0,"54":0,"55":0,"57":0,"61":0,"62":0,"63":0,"67":0,"68":0,"69":0,"78":0,"81":0,"88":0,"89":0,"93":0,"94":0,"97":0,"98":0},"path":"/home/mx/Muc/ba/dapp/backend/contracts/ICO.sol","s":{"1":0,"2":0,"3":0,"4":0,"5":0,"6":0,"7":0,"8":0,"9":0,"10":0,"11":0,"12":0,"13":0,"14":0,"15":0,"16":0,"17":0,"18":0,"19":0,"20":0,"21":0,"22":0,"23":0,"24":0,"25":0,"26":0,"27":0,"28":0,"29":0,"30":0,"31":0,"32":0,"33":0,"34":0,"35":0,"36":0,"37":0},"b":{"1":[0,0],"2":[0,0],"3":[0,0],"4":[0,0]},"f":{"1":0,"2":0,"3":0,"4":0,"5":0,"6":0,"7":0,"8":0,"9":0,"10":0,"11":0},"fnMap":{"1":{"name":"constructor","line":22,"loc":{"start":{"line":22,"column":4},"end":{"line":38,"column":4}}},"2":{"name":"invest","line":41,"loc":{"start":{"line":41,"column":4},"end":{"line":58,"column":4}}},"3":{"name":"requestToken","line":60,"loc":{"start":{"line":60,"column":4},"end":{"line":64,"column":4}}},"4":{"name":"requestRefund","line":66,"loc":{"start":{"line":66,"column":4},"end":{"line":70,"column":4}}},"5":{"name":"investing","line":74,"loc":{"start":{"line":74,"column":4},"end":{"line":74,"column":54}}},"6":{"name":"timeoutANDInvestmentReached","line":77,"loc":{"start":{"line":77,"column":4},"end":{"line":79,"column":4}}},"7":{"name":"timeoutANDInvestmentNotReached","line":80,"loc":{"start":{"line":80,"column":4},"end":{"line":82,"column":4}}},"8":{"name":"investing_distribution","line":85,"loc":{"start":{"line":85,"column":4},"end":{"line":95,"column":4}}},"9":{"name":"investing_refunding","line":96,"loc":{"start":{"line":96,"column":4},"end":{"line":99,"column":4}}},"10":{"name":"distribution","line":102,"loc":{"start":{"line":102,"column":4},"end":{"line":102,"column":57}}},"11":{"name":"refunding","line":105,"loc":{"start":{"line":105,"column":4},"end":{"line":105,"column":54}}}},"statementMap":{"1":{"start":{"line":23,"column":8},"end":{"line":23,"column":27}},"2":{"start":{"line":24,"column":8},"end":{"line":24,"column":40}},"3":{"start":{"line":26,"column":8},"end":{"line":26,"column":78}},"4":{"start":{"line":28,"column":8},"end":{"line":28,"column":43}},"5":{"start":{"line":29,"column":8},"end":{"line":29,"column":37}},"6":{"start":{"line":30,"column":8},"end":{"line":30,"column":45}},"7":{"start":{"line":32,"column":8},"end":{"line":32,"column":110}},"8":{"start":{"line":33,"column":8},"end":{"line":33,"column":104}},"9":{"start":{"line":34,"column":8},"end":{"line":34,"column":64}},"10":{"start":{"line":35,"column":8},"end":{"line":35,"column":58}},"11":{"start":{"line":37,"column":8},"end":{"line":37,"column":48}},"12":{"start":{"line":42,"column":8},"end":{"line":42,"column":53}},"13":{"start":{"line":43,"column":8},"end":{"line":43,"column":83}},"14":{"start":{"line":45,"column":8},"end":{"line":45,"column":56}},"15":{"start":{"line":46,"column":8},"end":{"line":46,"column":29}},"16":{"start":{"line":47,"column":8},"end":{"line":47,"column":33}},"17":{"start":{"line":48,"column":8},"end":{"line":48,"column":35}},"18":{"start":{"line":50,"column":8},"end":{"line":50,"column":61}},"19":{"start":{"line":51,"column":8},"end":{"line":51,"column":109}},"20":{"start":{"line":53,"column":8},"end":{"line":53,"column":43}},"21":{"start":{"line":54,"column":8},"end":{"line":54,"column":54}},"22":{"start":{"line":55,"column":8},"end":{"line":55,"column":41}},"23":{"start":{"line":57,"column":8},"end":{"line":57,"column":13}},"24":{"start":{"line":61,"column":8},"end":{"line":61,"column":50}},"25":{"start":{"line":62,"column":8},"end":{"line":62,"column":20}},"26":{"start":{"line":63,"column":8},"end":{"line":63,"column":46}},"27":{"start":{"line":67,"column":8},"end":{"line":67,"column":45}},"28":{"start":{"line":68,"column":8},"end":{"line":68,"column":34}},"29":{"start":{"line":69,"column":8},"end":{"line":69,"column":34}},"30":{"start":{"line":78,"column":8},"end":{"line":78,"column":133}},"31":{"start":{"line":81,"column":8},"end":{"line":81,"column":132}},"32":{"start":{"line":88,"column":8},"end":{"line":88,"column":58}},"33":{"start":{"line":89,"column":8},"end":{"line":89,"column":62}},"34":{"start":{"line":93,"column":8},"end":{"line":93,"column":49}},"35":{"start":{"line":94,"column":8},"end":{"line":94,"column":61}},"36":{"start":{"line":97,"column":8},"end":{"line":97,"column":58}},"37":{"start":{"line":98,"column":8},"end":{"line":98,"column":44}}},"branchMap":{"1":{"line":26,"type":"if","locations":[{"start":{"line":26,"column":8},"end":{"line":26,"column":8}},{"start":{"line":26,"column":8},"end":{"line":26,"column":8}}]},"2":{"line":42,"type":"if","locations":[{"start":{"line":42,"column":8},"end":{"line":42,"column":8}},{"start":{"line":42,"column":8},"end":{"line":42,"column":8}}]},"3":{"line":50,"type":"if","locations":[{"start":{"line":50,"column":8},"end":{"line":50,"column":8}},{"start":{"line":50,"column":8},"end":{"line":50,"column":8}}]},"4":{"line":51,"type":"if","locations":[{"start":{"line":51,"column":8},"end":{"line":51,"column":8}},{"start":{"line":51,"column":8},"end":{"line":51,"column":8}}]}}},
"contracts/IElection.sol":{"l":{},"path":"/home/mx/Muc/ba/dapp/backend/contracts/IElection.sol","s":{},"b":{},"f":{},"fnMap":{},"statementMap":{},"branchMap":{}},
"contracts/IElectionFactory.sol":{"l":{},"path":"/home/mx/Muc/ba/dapp/backend/contracts/IElectionFactory.sol","s":{},"b":{},"f":{},"fnMap":{},"statementMap":{},"branchMap":{}},
"contracts/proxy.sol":{"l":{"7":0,"20":0},"path":"/home/mx/Muc/ba/dapp/backend/contracts/proxy.sol","s":{"1":0,"2":0},"b":{},"f":{"1":0,"2":0,"3":0},"fnMap":{"1":{"name":"constructor","line":6,"loc":{"start":{"line":6,"column":4},"end":{"line":8,"column":4}}},"2":{"name":null,"line":10,"loc":{"start":{"line":10,"column":4},"end":{"line":12,"column":4}}},"3":{"name":"createClone","line":19,"loc":{"start":{"line":19,"column":4},"end":{"line":21,"column":4}}}},"statementMap":{"1":{"start":{"line":7,"column":8},"end":{"line":7,"column":51}},"2":{"start":{"line":20,"column":8},"end":{"line":20,"column":39}}},"branchMap":{}},
"contracts/StateMachine.sol":{"l":{"36":0,"37":0,"38":0,"39":0,"43":0,"47":0,"48":0,"49":0,"50":0,"52":0,"56":0,"57":0,"63":0,"66":0,"69":0,"71":0,"73":0,"74":0,"75":0,"76":0,"78":0,"79":0,"80":0,"86":0,"87":0,"89":0,"97":0,"99":0,"100":0,"101":0,"102":0,"103":0,"108":0,"110":0,"111":0,"112":0,"115":0},"path":"/home/mx/Muc/ba/dapp/backend/contracts/StateMachine.sol","s":{"1":0,"2":0,"3":0,"4":0,"5":0,"6":0,"7":0,"8":0,"9":0,"10":0,"11":0,"12":0,"13":0,"14":0,"15":0,"16":0,"17":0,"18":0,"19":0,"20":0,"21":0,"22":0,"23":0,"24":0,"25":0,"26":0,"27":0,"28":0,"29":0,"30":0,"31":0,"32":0,"33":0},"b":{"1":[0,0],"2":[0,0],"3":[0,0],"4":[0,0],"5":[0,0],"6":[0,0],"7":[0,0],"8":[0,0],"9":[0,0],"10":[0,0],"11":[0,0],"12":[0,0]},"f":{"1":0,"2":0,"3":0,"4":0,"5":0,"6":0,"7":0},"fnMap":{"1":{"name":"state","line":35,"loc":{"start":{"line":35,"column":4},"end":{"line":40,"column":4}}},"2":{"name":"getCurrentStateName","line":42,"loc":{"start":{"line":42,"column":4},"end":{"line":44,"column":4}}},"3":{"name":"registerState","line":46,"loc":{"start":{"line":46,"column":4},"end":{"line":53,"column":4}}},"4":{"name":"registerState","line":55,"loc":{"start":{"line":55,"column":4},"end":{"line":58,"column":4}}},"5":{"name":"stateTransition","line":61,"loc":{"start":{"line":61,"column":4},"end":{"line":83,"column":4}}},"6":{"name":"condition","line":85,"loc":{"start":{"line":85,"column":4},"end":{"line":91,"column":4}}},"7":{"name":"next","line":96,"loc":{"start":{"line":96,"column":4},"end":{"line":116,"column":4}}}},"statementMap":{"1":{"start":{"line":36,"column":8},"end":{"line":36,"column":13}},"2":{"start":{"line":37,"column":8},"end":{"line":37,"column":88}},"3":{"start":{"line":39,"column":8},"end":{"line":39,"column":13}},"4":{"start":{"line":43,"column":8},"end":{"line":43,"column":39}},"5":{"start":{"line":47,"column":8},"end":{"line":47,"column":29}},"6":{"start":{"line":48,"column":8},"end":{"line":48,"column":1223}},"7":{"start":{"line":49,"column":11},"end":{"line":49,"column":32}},"8":{"start":{"line":50,"column":11},"end":{"line":50,"column":33}},"9":{"start":{"line":52,"column":8},"end":{"line":52,"column":34}},"10":{"start":{"line":56,"column":8},"end":{"line":56,"column":36}},"11":{"start":{"line":57,"column":8},"end":{"line":57,"column":60}},"12":{"start":{"line":63,"column":8},"end":{"line":63,"column":150}},"13":{"start":{"line":66,"column":8},"end":{"line":66,"column":83}},"14":{"start":{"line":69,"column":8},"end":{"line":69,"column":102}},"15":{"start":{"line":73,"column":8},"end":{"line":73,"column":49}},"16":{"start":{"line":74,"column":8},"end":{"line":74,"column":2234}},"17":{"start":{"line":75,"column":12},"end":{"line":75,"column":30}},"18":{"start":{"line":76,"column":12},"end":{"line":76,"column":44}},"19":{"start":{"line":78,"column":12},"end":{"line":78,"column":2360}},"20":{"start":{"line":79,"column":16},"end":{"line":79,"column":68}},"21":{"start":{"line":86,"column":8},"end":{"line":86,"column":2575}},"22":{"start":{"line":89,"column":12},"end":{"line":89,"column":31}},"23":{"start":{"line":97,"column":8},"end":{"line":97,"column":47}},"24":{"start":{"line":99,"column":8},"end":{"line":99,"column":38}},"25":{"start":{"line":100,"column":8},"end":{"line":100,"column":100}},"26":{"start":{"line":101,"column":8},"end":{"line":101,"column":3085}},"27":{"start":{"line":102,"column":12},"end":{"line":102,"column":36}},"28":{"start":{"line":103,"column":12},"end":{"line":103,"column":46}},"29":{"start":{"line":108,"column":8},"end":{"line":108,"column":55}},"30":{"start":{"line":110,"column":8},"end":{"line":110,"column":3404}},"31":{"start":{"line":111,"column":12},"end":{"line":111,"column":37}},"32":{"start":{"line":112,"column":12},"end":{"line":112,"column":72}},"33":{"start":{"line":115,"column":8},"end":{"line":115,"column":20}}},"branchMap":{"1":{"line":37,"type":"if","locations":[{"start":{"line":37,"column":8},"end":{"line":37,"column":8}},{"start":{"line":37,"column":8},"end":{"line":37,"column":8}}]},"2":{"line":47,"type":"if","locations":[{"start":{"line":47,"column":8},"end":{"line":47,"column":8}},{"start":{"line":47,"column":8},"end":{"line":47,"column":8}}]},"3":{"line":48,"type":"if","locations":[{"start":{"line":48,"column":8},"end":{"line":48,"column":8}},{"start":{"line":48,"column":8},"end":{"line":48,"column":8}}]},"4":{"line":63,"type":"if","locations":[{"start":{"line":63,"column":8},"end":{"line":63,"column":8}},{"start":{"line":63,"column":8},"end":{"line":63,"column":8}}]},"5":{"line":66,"type":"if","locations":[{"start":{"line":66,"column":8},"end":{"line":66,"column":8}},{"start":{"line":66,"column":8},"end":{"line":66,"column":8}}]},"6":{"line":69,"type":"if","locations":[{"start":{"line":69,"column":8},"end":{"line":69,"column":8}},{"start":{"line":69,"column":8},"end":{"line":69,"column":8}}]},"7":{"line":78,"type":"if","locations":[{"start":{"line":78,"column":12},"end":{"line":78,"column":12}},{"start":{"line":78,"column":12},"end":{"line":78,"column":12}}]},"8":{"line":86,"type":"if","locations":[{"start":{"line":86,"column":8},"end":{"line":86,"column":8}},{"start":{"line":86,"column":8},"end":{"line":86,"column":8}}]},"9":{"line":97,"type":"if","locations":[{"start":{"line":97,"column":8},"end":{"line":97,"column":8}},{"start":{"line":97,"column":8},"end":{"line":97,"column":8}}]},"10":{"line":101,"type":"if","locations":[{"start":{"line":101,"column":8},"end":{"line":101,"column":8}},{"start":{"line":101,"column":8},"end":{"line":101,"column":8}}]},"11":{"line":108,"type":"if","locations":[{"start":{"line":108,"column":8},"end":{"line":108,"column":8}},{"start":{"line":108,"column":8},"end":{"line":108,"column":8}}]},"12":{"line":110,"type":"if","locations":[{"start":{"line":110,"column":8},"end":{"line":110,"column":8}},{"start":{"line":110,"column":8},"end":{"line":110,"column":8}}]}}},
"contracts/StateMachineExample.sol":{"l":{"12":0,"13":0,"14":0,"15":0,"22":0,"26":0,"32":0,"36":0,"42":0,"46":0,"50":0},"path":"/home/mx/Muc/ba/dapp/backend/contracts/StateMachineExample.sol","s":{"1":0,"2":0,"3":0,"4":0,"5":0,"6":0,"7":0,"8":0,"9":0,"10":0,"11":0},"b":{},"f":{"1":0,"2":0,"3":0,"4":0,"5":0,"6":0,"7":0,"8":0,"9":0,"10":0,"11":0},"fnMap":{"1":{"name":"constructor","line":11,"loc":{"start":{"line":11,"column":4},"end":{"line":16,"column":4}}},"2":{"name":"click","line":21,"loc":{"start":{"line":21,"column":4},"end":{"line":23,"column":4}}},"3":{"name":"end","line":25,"loc":{"start":{"line":25,"column":4},"end":{"line":27,"column":4}}},"4":{"name":"getClick","line":31,"loc":{"start":{"line":31,"column":4},"end":{"line":33,"column":4}}},"5":{"name":"isEnd","line":35,"loc":{"start":{"line":35,"column":4},"end":{"line":37,"column":4}}},"6":{"name":"a1","line":41,"loc":{"start":{"line":41,"column":4},"end":{"line":43,"column":4}}},"7":{"name":"a2","line":45,"loc":{"start":{"line":45,"column":4},"end":{"line":47,"column":4}}},"8":{"name":"b1","line":49,"loc":{"start":{"line":49,"column":4},"end":{"line":51,"column":4}}},"9":{"name":"state1","line":55,"loc":{"start":{"line":55,"column":4},"end":{"line":55,"column":51}}},"10":{"name":"state2","line":56,"loc":{"start":{"line":56,"column":4},"end":{"line":56,"column":51}}},"11":{"name":"state3","line":57,"loc":{"start":{"line":57,"column":4},"end":{"line":57,"column":51}}}},"statementMap":{"1":{"start":{"line":12,"column":8},"end":{"line":12,"column":78}},"2":{"start":{"line":13,"column":8},"end":{"line":13,"column":78}},"3":{"start":{"line":14,"column":8},"end":{"line":14,"column":78}},"4":{"start":{"line":15,"column":8},"end":{"line":15,"column":52}},"5":{"start":{"line":22,"column":8},"end":{"line":22,"column":29}},"6":{"start":{"line":26,"column":8},"end":{"line":26,"column":24}},"7":{"start":{"line":32,"column":8},"end":{"line":32,"column":24}},"8":{"start":{"line":36,"column":8},"end":{"line":36,"column":25}},"9":{"start":{"line":42,"column":8},"end":{"line":42,"column":24}},"10":{"start":{"line":46,"column":8},"end":{"line":46,"column":24}},"11":{"start":{"line":50,"column":8},"end":{"line":50,"column":24}}},"branchMap":{}}}
