TN:
SF:/home/mx/Muc/ba/dapp/backend/contracts/Access.sol
FN:14,access
FN:26,addRole
FN:29,removeRole
FN:32,hasRole
FNF:4
FNH:0
FNDA:0,access
FNDA:0,addRole
FNDA:0,removeRole
FNDA:0,hasRole
DA:15,0
DA:16,0
DA:17,0
DA:18,0
DA:19,0
DA:22,0
DA:23,0
DA:27,0
DA:30,0
DA:33,0
LF:10
LH:0
BRDA:17,1,0,0
BRDA:17,1,1,0
BRDA:22,2,0,0
BRDA:22,2,1,0
BRF:4
BRH:0
end_of_record
TN:
SF:/home/mx/Muc/ba/dapp/backend/contracts/AssetToken.sol
FN:169,merge
FN:197,mergeAccepted
FN:236,mergeRequested
FN:250,acceptMerge
FN:261,_acceptMerge
FN:283,mergeInit
FN:286,timeoutMerge
FN:290,mergeSuccess
FN:296,mergeInit_start
FN:299,mergeInit_stop
FN:304,stop
FN:310,addressSet
FN:315,start_mergeInit
FN:322,reclaimBalanceFromParentToken
FN:351,constructor
FN:375,initialize
FN:418,transfer
FN:435,transferFrom
FN:462,sendEther
FN:469,proposeDividend
FN:481,setDividendApproval
FN:487,setReElection
FN:493,requestDividend
FN:512,start
FN:517,reElectionORTimePassed
FN:531,proposedANDTimePassed
FN:539,start_electionStarted
FN:544,start_dividendProposed
FN:553,electionStarted
FN:560,electionFailed
FN:564,electionCountedANDNotEnougthSupervisor
FN:569,electionCountedANDEnougthSupervisor
FN:574,electionStarted_electionStarted
FN:583,electionStarted_electionStarted1
FN:596,electionStarted_ceoElectionStarted
FN:614,ceoElectionStarted
FN:621,electionFailedANDfailCountnotReached
FN:625,electionFailedANDfailCountCEO
FN:629,electionSuccessCEO
FN:634,ceoElectionStarted_ceoElectionStarted
FN:644,ceoElectionStarted_start_reset
FN:653,ceoElectionStarted_start_success
FN:684,dividendProposed
FN:687,approvalDividendReached
FN:703,approvalDividendNotReachedORTimeout
FN:708,approvalDividend
FN:714,dividendProposed_start_reject
FN:726,dividendProposed_start_success
FN:739,setUpElectionSupervisor
FN:762,setUpElectionCEO
FNF:50
FNH:0
FNDA:0,merge
FNDA:0,mergeAccepted
FNDA:0,mergeRequested
FNDA:0,acceptMerge
FNDA:0,_acceptMerge
FNDA:0,mergeInit
FNDA:0,timeoutMerge
FNDA:0,mergeSuccess
FNDA:0,mergeInit_start
FNDA:0,mergeInit_stop
FNDA:0,stop
FNDA:0,addressSet
FNDA:0,start_mergeInit
FNDA:0,reclaimBalanceFromParentToken
FNDA:0,constructor
FNDA:0,initialize
FNDA:0,transfer
FNDA:0,transferFrom
FNDA:0,sendEther
FNDA:0,proposeDividend
FNDA:0,setDividendApproval
FNDA:0,setReElection
FNDA:0,requestDividend
FNDA:0,start
FNDA:0,reElectionORTimePassed
FNDA:0,proposedANDTimePassed
FNDA:0,start_electionStarted
FNDA:0,start_dividendProposed
FNDA:0,electionStarted
FNDA:0,electionFailed
FNDA:0,electionCountedANDNotEnougthSupervisor
FNDA:0,electionCountedANDEnougthSupervisor
FNDA:0,electionStarted_electionStarted
FNDA:0,electionStarted_electionStarted1
FNDA:0,electionStarted_ceoElectionStarted
FNDA:0,ceoElectionStarted
FNDA:0,electionFailedANDfailCountnotReached
FNDA:0,electionFailedANDfailCountCEO
FNDA:0,electionSuccessCEO
FNDA:0,ceoElectionStarted_ceoElectionStarted
FNDA:0,ceoElectionStarted_start_reset
FNDA:0,ceoElectionStarted_start_success
FNDA:0,dividendProposed
FNDA:0,approvalDividendReached
FNDA:0,approvalDividendNotReachedORTimeout
FNDA:0,approvalDividend
FNDA:0,dividendProposed_start_reject
FNDA:0,dividendProposed_start_success
FNDA:0,setUpElectionSupervisor
FNDA:0,setUpElectionCEO
DA:171,0
DA:174,0
DA:177,0
DA:178,0
DA:179,0
DA:180,0
DA:183,0
DA:184,0
DA:186,0
DA:189,0
DA:198,0
DA:200,0
DA:203,0
DA:207,0
DA:208,0
DA:214,0
DA:215,0
DA:219,0
DA:226,0
DA:227,0
DA:229,0
DA:237,0
DA:238,0
DA:241,0
DA:244,0
DA:251,0
DA:252,0
DA:253,0
DA:254,0
DA:256,0
DA:262,0
DA:264,0
DA:266,0
DA:269,0
DA:275,0
DA:276,0
DA:287,0
DA:291,0
DA:311,0
DA:316,0
DA:323,0
DA:326,0
DA:327,0
DA:331,0
DA:332,0
DA:334,0
DA:335,0
DA:337,0
DA:338,0
DA:341,0
DA:342,0
DA:377,0
DA:378,0
DA:380,0
DA:381,0
DA:384,0
DA:385,0
DA:386,0
DA:389,0
DA:390,0
DA:391,0
DA:392,0
DA:393,0
DA:397,0
DA:398,0
DA:400,0
DA:401,0
DA:403,0
DA:404,0
DA:405,0
DA:407,0
DA:408,0
DA:409,0
DA:411,0
DA:412,0
DA:414,0
DA:419,0
DA:420,0
DA:423,0
DA:426,0
DA:427,0
DA:428,0
DA:431,0
DA:436,0
DA:439,0
DA:440,0
DA:443,0
DA:444,0
DA:445,0
DA:448,0
DA:463,0
DA:464,0
DA:470,0
DA:472,0
DA:473,0
DA:474,0
DA:475,0
DA:482,0
DA:488,0
DA:494,0
DA:495,0
DA:496,0
DA:518,0
DA:519,0
DA:520,0
DA:523,0
DA:524,0
DA:525,0
DA:527,0
DA:532,0
DA:533,0
DA:540,0
DA:541,0
DA:545,0
DA:546,0
DA:554,0
DA:562,0
DA:566,0
DA:570,0
DA:575,0
DA:577,0
DA:578,0
DA:580,0
DA:584,0
DA:585,0
DA:586,0
DA:588,0
DA:590,0
DA:591,0
DA:593,0
DA:597,0
DA:598,0
DA:599,0
DA:602,0
DA:604,0
DA:605,0
DA:607,0
DA:608,0
DA:615,0
DA:622,0
DA:626,0
DA:630,0
DA:635,0
DA:636,0
DA:638,0
DA:639,0
DA:641,0
DA:646,0
DA:647,0
DA:648,0
DA:650,0
DA:655,0
DA:657,0
DA:658,0
DA:659,0
DA:660,0
DA:664,0
DA:665,0
DA:666,0
DA:668,0
DA:670,0
DA:671,0
DA:674,0
DA:675,0
DA:677,0
DA:678,0
DA:688,0
DA:689,0
DA:691,0
DA:693,0
DA:694,0
DA:695,0
DA:698,0
DA:699,0
DA:700,0
DA:705,0
DA:709,0
DA:716,0
DA:717,0
DA:720,0
DA:721,0
DA:723,0
DA:727,0
DA:729,0
DA:730,0
DA:741,0
DA:742,0
DA:747,0
DA:748,0
DA:749,0
DA:750,0
DA:754,0
DA:755,0
DA:758,0
DA:765,0
DA:766,0
DA:768,0
DA:769,0
DA:770,0
DA:772,0
LF:200
LH:0
BRDA:198,1,0,0
BRDA:198,1,1,0
BRDA:200,2,0,0
BRDA:200,2,1,0
BRDA:203,3,0,0
BRDA:203,3,1,0
BRDA:237,4,0,0
BRDA:237,4,1,0
BRDA:251,5,0,0
BRDA:251,5,1,0
BRDA:262,6,0,0
BRDA:262,6,1,0
BRDA:323,7,0,0
BRDA:323,7,1,0
BRDA:337,8,0,0
BRDA:337,8,1,0
BRDA:341,9,0,0
BRDA:341,9,1,0
BRDA:377,10,0,0
BRDA:377,10,1,0
BRDA:380,11,0,0
BRDA:380,11,1,0
BRDA:426,12,0,0
BRDA:426,12,1,0
BRDA:443,13,0,0
BRDA:443,13,1,0
BRDA:463,14,0,0
BRDA:463,14,1,0
BRDA:472,15,0,0
BRDA:472,15,1,0
BRDA:482,16,0,0
BRDA:482,16,1,0
BRDA:520,17,0,0
BRDA:520,17,1,0
BRDA:694,18,0,0
BRDA:694,18,1,0
BRDA:695,19,0,0
BRDA:695,19,1,0
BRDA:698,20,0,0
BRDA:698,20,1,0
BRDA:699,21,0,0
BRDA:699,21,1,0
BRF:42
BRH:0
end_of_record
TN:
SF:/home/mx/Muc/ba/dapp/backend/contracts/AssetTokenFactory.sol
FNF:0
FNH:0
LF:0
LH:0
BRF:0
BRH:0
end_of_record
TN:
SF:/home/mx/Muc/ba/dapp/backend/contracts/CloneFactory.sol
FN:31,createClone
FN:42,isClone
FNF:2
FNH:0
FNDA:0,createClone
FNDA:0,isClone
DA:32,0
DA:33,0
DA:43,0
DA:44,0
LF:4
LH:0
BRF:0
BRH:0
end_of_record
TN:
SF:/home/mx/Muc/ba/dapp/backend/contracts/Election.sol
FN:47,constructor
FN:79,fail
FN:84,success
FN:90,registerVoter
FN:96,registerProposer
FN:101,excludeFromPropose
FN:105,finishRegisterPhase
FN:110,proposeCandidate
FN:123,voteCandidate
FN:130,getCandidate
FN:137,getMaxVotesIndices
FN:144,register
FN:147,finishedRegisterPhase
FN:152,register_propose
FN:158,propose
FN:161,notEnougthProposalsANDTimeout
FN:165,enougthProposalsANDTimeout
FN:170,propose_failed
FN:172,propose_vote
FN:178,vote
FN:181,notVotedANDTimeout
FN:185,votedANDTimeout
FN:190,vote_failed
FN:192,vote_counted
FN:198,counted
FN:201,failed
FN:205,next
FN:210,makeMaxVotesIndices
FNF:28
FNH:0
FNDA:0,constructor
FNDA:0,fail
FNDA:0,success
FNDA:0,registerVoter
FNDA:0,registerProposer
FNDA:0,excludeFromPropose
FNDA:0,finishRegisterPhase
FNDA:0,proposeCandidate
FNDA:0,voteCandidate
FNDA:0,getCandidate
FNDA:0,getMaxVotesIndices
FNDA:0,register
FNDA:0,finishedRegisterPhase
FNDA:0,register_propose
FNDA:0,propose
FNDA:0,notEnougthProposalsANDTimeout
FNDA:0,enougthProposalsANDTimeout
FNDA:0,propose_failed
FNDA:0,propose_vote
FNDA:0,vote
FNDA:0,notVotedANDTimeout
FNDA:0,votedANDTimeout
FNDA:0,vote_failed
FNDA:0,vote_counted
FNDA:0,counted
FNDA:0,failed
FNDA:0,next
FNDA:0,makeMaxVotesIndices
DA:48,0
DA:49,0
DA:50,0
DA:51,0
DA:52,0
DA:54,0
DA:55,0
DA:57,0
DA:62,0
DA:64,0
DA:65,0
DA:67,0
DA:68,0
DA:71,0
DA:72,0
DA:80,0
DA:85,0
DA:91,0
DA:92,0
DA:97,0
DA:102,0
DA:106,0
DA:112,0
DA:113,0
DA:115,0
DA:116,0
DA:117,0
DA:124,0
DA:125,0
DA:126,0
DA:127,0
DA:131,0
DA:132,0
DA:133,0
DA:138,0
DA:148,0
DA:153,0
DA:162,0
DA:166,0
DA:173,0
DA:182,0
DA:186,0
DA:193,0
DA:206,0
DA:211,0
DA:213,0
DA:215,0
DA:216,0
DA:218,0
DA:219,0
DA:220,0
DA:221,0
DA:222,0
DA:224,0
DA:225,0
LF:55
LH:0
BRDA:48,1,0,0
BRDA:48,1,1,0
BRDA:54,2,0,0
BRDA:54,2,1,0
BRDA:80,3,0,0
BRDA:80,3,1,0
BRDA:85,4,0,0
BRDA:85,4,1,0
BRDA:112,5,0,0
BRDA:112,5,1,0
BRDA:115,6,0,0
BRDA:115,6,1,0
BRDA:125,7,0,0
BRDA:125,7,1,0
BRDA:132,8,0,0
BRDA:132,8,1,0
BRDA:211,9,0,0
BRDA:211,9,1,0
BRDA:218,10,0,0
BRDA:218,10,1,0
BRF:20
BRH:0
end_of_record
TN:
SF:/home/mx/Muc/ba/dapp/backend/contracts/ElectionFactory.sol
FN:9,createElection
FNF:1
FNH:0
FNDA:0,createElection
DA:10,0
DA:11,0
DA:12,0
LF:3
LH:0
BRF:0
BRH:0
end_of_record
TN:
SF:/home/mx/Muc/ba/dapp/backend/contracts/ERC20share.sol
FN:13,constructor
FN:18,transfer
FN:29,transferFrom
FNF:3
FNH:0
FNDA:0,constructor
FNDA:0,transfer
FNDA:0,transferFrom
DA:14,0
DA:15,0
DA:20,0
DA:22,0
DA:23,0
DA:24,0
DA:26,0
DA:30,0
DA:32,0
DA:33,0
DA:34,0
DA:36,0
LF:12
LH:0
BRDA:23,1,0,0
BRDA:23,1,1,0
BRDA:33,2,0,0
BRDA:33,2,1,0
BRF:4
BRH:0
end_of_record
TN:
SF:/home/mx/Muc/ba/dapp/backend/contracts/ICO.sol
FN:22,constructor
FN:41,invest
FN:60,requestToken
FN:66,requestRefund
FN:74,investing
FN:77,timeoutANDInvestmentReached
FN:80,timeoutANDInvestmentNotReached
FN:85,investing_distribution
FN:96,investing_refunding
FN:102,distribution
FN:105,refunding
FNF:11
FNH:0
FNDA:0,constructor
FNDA:0,invest
FNDA:0,requestToken
FNDA:0,requestRefund
FNDA:0,investing
FNDA:0,timeoutANDInvestmentReached
FNDA:0,timeoutANDInvestmentNotReached
FNDA:0,investing_distribution
FNDA:0,investing_refunding
FNDA:0,distribution
FNDA:0,refunding
DA:23,0
DA:24,0
DA:26,0
DA:28,0
DA:29,0
DA:30,0
DA:32,0
DA:33,0
DA:34,0
DA:35,0
DA:37,0
DA:42,0
DA:43,0
DA:45,0
DA:46,0
DA:47,0
DA:48,0
DA:50,0
DA:51,0
DA:53,0
DA:54,0
DA:55,0
DA:57,0
DA:61,0
DA:62,0
DA:63,0
DA:67,0
DA:68,0
DA:69,0
DA:78,0
DA:81,0
DA:88,0
DA:89,0
DA:93,0
DA:94,0
DA:97,0
DA:98,0
LF:37
LH:0
BRDA:26,1,0,0
BRDA:26,1,1,0
BRDA:42,2,0,0
BRDA:42,2,1,0
BRDA:50,3,0,0
BRDA:50,3,1,0
BRDA:51,4,0,0
BRDA:51,4,1,0
BRF:8
BRH:0
end_of_record
TN:
SF:/home/mx/Muc/ba/dapp/backend/contracts/IElection.sol
FNF:0
FNH:0
LF:0
LH:0
BRF:0
BRH:0
end_of_record
TN:
SF:/home/mx/Muc/ba/dapp/backend/contracts/IElectionFactory.sol
FNF:0
FNH:0
LF:0
LH:0
BRF:0
BRH:0
end_of_record
TN:
SF:/home/mx/Muc/ba/dapp/backend/contracts/proxy.sol
FN:6,constructor
FN:10,
FN:19,createClone
FNF:3
FNH:0
FNDA:0,constructor
FNDA:0,
FNDA:0,createClone
DA:7,0
DA:20,0
LF:2
LH:0
BRF:0
BRH:0
end_of_record
TN:
SF:/home/mx/Muc/ba/dapp/backend/contracts/StateMachine.sol
FN:35,state
FN:42,getCurrentStateName
FN:46,registerState
FN:55,registerState
FN:61,stateTransition
FN:85,condition
FN:96,next
FNF:7
FNH:0
FNDA:0,state
FNDA:0,getCurrentStateName
FNDA:0,registerState
FNDA:0,registerState
FNDA:0,stateTransition
FNDA:0,condition
FNDA:0,next
DA:36,0
DA:37,0
DA:38,0
DA:39,0
DA:43,0
DA:47,0
DA:48,0
DA:49,0
DA:50,0
DA:52,0
DA:56,0
DA:57,0
DA:63,0
DA:66,0
DA:69,0
DA:71,0
DA:73,0
DA:74,0
DA:75,0
DA:76,0
DA:78,0
DA:79,0
DA:80,0
DA:86,0
DA:87,0
DA:89,0
DA:97,0
DA:99,0
DA:100,0
DA:101,0
DA:102,0
DA:103,0
DA:108,0
DA:110,0
DA:111,0
DA:112,0
DA:115,0
LF:37
LH:0
BRDA:37,1,0,0
BRDA:37,1,1,0
BRDA:47,2,0,0
BRDA:47,2,1,0
BRDA:48,3,0,0
BRDA:48,3,1,0
BRDA:63,4,0,0
BRDA:63,4,1,0
BRDA:66,5,0,0
BRDA:66,5,1,0
BRDA:69,6,0,0
BRDA:69,6,1,0
BRDA:78,7,0,0
BRDA:78,7,1,0
BRDA:86,8,0,0
BRDA:86,8,1,0
BRDA:97,9,0,0
BRDA:97,9,1,0
BRDA:101,10,0,0
BRDA:101,10,1,0
BRDA:108,11,0,0
BRDA:108,11,1,0
BRDA:110,12,0,0
BRDA:110,12,1,0
BRF:24
BRH:0
end_of_record
TN:
SF:/home/mx/Muc/ba/dapp/backend/contracts/StateMachineExample.sol
FN:11,constructor
FN:21,click
FN:25,end
FN:31,getClick
FN:35,isEnd
FN:41,a1
FN:45,a2
FN:49,b1
FN:55,state1
FN:56,state2
FN:57,state3
FNF:11
FNH:0
FNDA:0,constructor
FNDA:0,click
FNDA:0,end
FNDA:0,getClick
FNDA:0,isEnd
FNDA:0,a1
FNDA:0,a2
FNDA:0,b1
FNDA:0,state1
FNDA:0,state2
FNDA:0,state3
DA:12,0
DA:13,0
DA:14,0
DA:15,0
DA:22,0
DA:26,0
DA:32,0
DA:36,0
DA:42,0
DA:46,0
DA:50,0
LF:11
LH:0
BRF:0
BRH:0
end_of_record
